  2024-06-15T18:39:35.318839Z  WARN yazi_adaptor::emulator: [Adaptor] No special environment variables detected
    at yazi-adaptor\src\emulator.rs:66

  2024-06-15T18:39:35.318900Z  WARN yazi_adaptor::emulator: [Adaptor] Unknown TERM_PROGRAM: 
    at yazi-adaptor\src\emulator.rs:80

  2024-06-15T18:39:35.318908Z  WARN yazi_adaptor::emulator: [Adaptor] Unknown TERM: 
    at yazi-adaptor\src\emulator.rs:87

  2024-06-15T18:39:35.319413Z  WARN yazi_adaptor::adaptor: [Adaptor] Could not identify XDG_SESSION_TYPE
    at yazi-adaptor\src\adaptor.rs:107

  2024-06-15T18:39:35.319472Z  WARN yazi_adaptor::adaptor: [Adaptor] Falling back to chafa
    at yazi-adaptor\src\adaptor.rs:119

  2024-06-15T18:39:35.321160Z  WARN yazi_adaptor::ueberzug: ueberzugpp spawning failed: program not found
    at yazi-adaptor\src\ueberzug.rs:84

  2024-06-15T18:39:35.328503Z ERROR yazi_plugin::utils::log: "Spawn `file` command returns nil"
    at yazi-plugin\src\utils\log.rs:20

  2024-06-15T18:39:35.328616Z ERROR yazi_scheduler::preload::preload: Preload task `mime` returned 0
    at yazi-scheduler\src\preload\preload.rs:42

  2024-06-15T18:39:41.134554Z ERROR yazi_plugin::utils::log: "Spawn `file` command returns nil"
    at yazi-plugin\src\utils\log.rs:20

  2024-06-15T18:39:41.134654Z ERROR yazi_scheduler::preload::preload: Preload task `mime` returned 0
    at yazi-scheduler\src\preload\preload.rs:42

  2024-06-15T18:45:49.893590Z  WARN yazi_adaptor::adaptor: [Adaptor] Could not identify XDG_SESSION_TYPE
    at yazi-adaptor\src\adaptor.rs:107

  2024-06-15T18:45:49.893677Z  WARN yazi_adaptor::adaptor: [Adaptor] Falling back to chafa
    at yazi-adaptor\src\adaptor.rs:119

  2024-06-15T18:45:49.895185Z  WARN yazi_adaptor::ueberzug: ueberzugpp spawning failed: program not found
    at yazi-adaptor\src\ueberzug.rs:84

  2024-06-15T18:45:49.904161Z ERROR yazi_plugin::utils::log: "Spawn `file` command returns nil"
    at yazi-plugin\src\utils\log.rs:20

  2024-06-15T18:45:49.904309Z ERROR yazi_scheduler::preload::preload: Preload task `mime` returned 0
    at yazi-scheduler\src\preload\preload.rs:42

  2024-06-15T18:45:57.127736Z  WARN yazi_adaptor::adaptor: [Adaptor] Could not identify XDG_SESSION_TYPE
    at yazi-adaptor\src\adaptor.rs:107

  2024-06-15T18:45:57.127805Z  WARN yazi_adaptor::adaptor: [Adaptor] Falling back to chafa
    at yazi-adaptor\src\adaptor.rs:119

  2024-06-15T18:45:57.129564Z  WARN yazi_adaptor::ueberzug: ueberzugpp spawning failed: program not found
    at yazi-adaptor\src\ueberzug.rs:84

  2024-06-15T18:45:57.137528Z ERROR yazi_plugin::utils::log: "Spawn `file` command returns nil"
    at yazi-plugin\src\utils\log.rs:20

  2024-06-15T18:45:57.137632Z ERROR yazi_scheduler::preload::preload: Preload task `mime` returned 0
    at yazi-scheduler\src\preload\preload.rs:42

  2024-06-15T18:45:57.138631Z ERROR yazi_plugin::utils::log: "Spawn `file` command returns nil"
    at yazi-plugin\src\utils\log.rs:20

  2024-06-15T18:45:57.138760Z ERROR yazi_scheduler::preload::preload: Preload task `mime` returned 0
    at yazi-scheduler\src\preload\preload.rs:42

  2024-06-15T18:45:58.781754Z ERROR yazi_plugin::utils::log: "Spawn `file` command returns nil"
    at yazi-plugin\src\utils\log.rs:20

  2024-06-15T18:45:58.781858Z ERROR yazi_scheduler::preload::preload: Preload task `mime` returned 0
    at yazi-scheduler\src\preload\preload.rs:42

  2024-06-15T18:46:07.598186Z  WARN yazi_adaptor::adaptor: [Adaptor] Could not identify XDG_SESSION_TYPE
    at yazi-adaptor\src\adaptor.rs:107

  2024-06-15T18:46:07.598230Z  WARN yazi_adaptor::adaptor: [Adaptor] Falling back to chafa
    at yazi-adaptor\src\adaptor.rs:119

  2024-06-15T18:46:07.599801Z  WARN yazi_adaptor::ueberzug: ueberzugpp spawning failed: program not found
    at yazi-adaptor\src\ueberzug.rs:84

  2024-06-15T18:46:07.606310Z ERROR yazi_plugin::utils::log: "Spawn `file` command returns nil"
    at yazi-plugin\src\utils\log.rs:20

  2024-06-15T18:46:07.606414Z ERROR yazi_scheduler::preload::preload: Preload task `mime` returned 0
    at yazi-scheduler\src\preload\preload.rs:42

  2024-06-15T18:46:25.533186Z  WARN yazi_adaptor::adaptor: [Adaptor] Could not identify XDG_SESSION_TYPE
    at yazi-adaptor\src\adaptor.rs:107

  2024-06-15T18:46:25.533234Z  WARN yazi_adaptor::adaptor: [Adaptor] Falling back to chafa
    at yazi-adaptor\src\adaptor.rs:119

  2024-06-15T18:46:25.534933Z  WARN yazi_adaptor::ueberzug: ueberzugpp spawning failed: program not found
    at yazi-adaptor\src\ueberzug.rs:84

  2024-06-15T18:46:25.541468Z ERROR yazi_plugin::utils::log: "Spawn `file` command returns nil"
    at yazi-plugin\src\utils\log.rs:20

  2024-06-15T18:46:25.541568Z ERROR yazi_scheduler::preload::preload: Preload task `mime` returned 0
    at yazi-scheduler\src\preload\preload.rs:42

  2024-06-15T18:46:25.543175Z ERROR yazi_plugin::utils::log: "Spawn `file` command returns nil"
    at yazi-plugin\src\utils\log.rs:20

  2024-06-15T18:46:25.543264Z ERROR yazi_scheduler::preload::preload: Preload task `mime` returned 0
    at yazi-scheduler\src\preload\preload.rs:42

  2024-06-15T18:46:34.442512Z  WARN yazi_adaptor::adaptor: [Adaptor] Could not identify XDG_SESSION_TYPE
    at yazi-adaptor\src\adaptor.rs:107

  2024-06-15T18:46:34.442558Z  WARN yazi_adaptor::adaptor: [Adaptor] Falling back to chafa
    at yazi-adaptor\src\adaptor.rs:119

  2024-06-15T18:46:34.444679Z  WARN yazi_adaptor::ueberzug: ueberzugpp spawning failed: program not found
    at yazi-adaptor\src\ueberzug.rs:84

  2024-06-15T18:46:34.451912Z ERROR yazi_plugin::utils::log: "Spawn `file` command returns nil"
    at yazi-plugin\src\utils\log.rs:20

  2024-06-15T18:46:34.452010Z ERROR yazi_scheduler::preload::preload: Preload task `mime` returned 0
    at yazi-scheduler\src\preload\preload.rs:42

  2024-06-15T18:46:42.119131Z  WARN yazi_adaptor::adaptor: [Adaptor] Could not identify XDG_SESSION_TYPE
    at yazi-adaptor\src\adaptor.rs:107

  2024-06-15T18:46:42.119214Z  WARN yazi_adaptor::adaptor: [Adaptor] Falling back to chafa
    at yazi-adaptor\src\adaptor.rs:119

  2024-06-15T18:46:42.121289Z  WARN yazi_adaptor::ueberzug: ueberzugpp spawning failed: program not found
    at yazi-adaptor\src\ueberzug.rs:84

  2024-06-15T18:46:42.129578Z ERROR yazi_plugin::utils::log: "Spawn `file` command returns nil"
    at yazi-plugin\src\utils\log.rs:20

  2024-06-15T18:46:42.129681Z ERROR yazi_scheduler::preload::preload: Preload task `mime` returned 0
    at yazi-scheduler\src\preload\preload.rs:42

  2024-06-15T18:46:50.773021Z  WARN yazi_adaptor::adaptor: [Adaptor] Could not identify XDG_SESSION_TYPE
    at yazi-adaptor\src\adaptor.rs:107

  2024-06-15T18:46:50.773074Z  WARN yazi_adaptor::adaptor: [Adaptor] Falling back to chafa
    at yazi-adaptor\src\adaptor.rs:119

  2024-06-15T18:46:50.775466Z  WARN yazi_adaptor::ueberzug: ueberzugpp spawning failed: program not found
    at yazi-adaptor\src\ueberzug.rs:84

  2024-06-15T18:46:50.783998Z ERROR yazi_plugin::utils::log: "Spawn `file` command returns nil"
    at yazi-plugin\src\utils\log.rs:20

  2024-06-15T18:46:50.784138Z ERROR yazi_scheduler::preload::preload: Preload task `mime` returned 0
    at yazi-scheduler\src\preload\preload.rs:42

  2024-06-15T18:46:53.460190Z ERROR yazi_plugin::utils::log: "Spawn `file` command returns nil"
    at yazi-plugin\src\utils\log.rs:20

  2024-06-15T18:46:53.460290Z ERROR yazi_scheduler::preload::preload: Preload task `mime` returned 0
    at yazi-scheduler\src\preload\preload.rs:42

  2024-06-15T18:46:57.148171Z ERROR yazi_plugin::utils::log: "Spawn `file` command returns nil"
    at yazi-plugin\src\utils\log.rs:20

  2024-06-15T18:46:57.148254Z ERROR yazi_scheduler::preload::preload: Preload task `mime` returned 0
    at yazi-scheduler\src\preload\preload.rs:42

  2024-06-15T18:47:00.116341Z ERROR yazi_plugin::utils::log: "Spawn `file` command returns nil"
    at yazi-plugin\src\utils\log.rs:20

  2024-06-15T18:47:00.116451Z ERROR yazi_scheduler::preload::preload: Preload task `mime` returned 0
    at yazi-scheduler\src\preload\preload.rs:42

  2024-06-15T19:06:13.127928Z  WARN yazi_adaptor::adaptor: [Adaptor] Could not identify XDG_SESSION_TYPE
    at yazi-adaptor\src\adaptor.rs:107

  2024-06-15T19:06:13.127990Z  WARN yazi_adaptor::adaptor: [Adaptor] Falling back to chafa
    at yazi-adaptor\src\adaptor.rs:119

  2024-06-15T19:06:13.129653Z  WARN yazi_adaptor::ueberzug: ueberzugpp spawning failed: program not found
    at yazi-adaptor\src\ueberzug.rs:84

  2024-06-15T19:06:13.136404Z ERROR yazi_plugin::utils::log: "Spawn `file` command returns nil"
    at yazi-plugin\src\utils\log.rs:20

  2024-06-15T19:06:13.136513Z ERROR yazi_scheduler::preload::preload: Preload task `mime` returned 0
    at yazi-scheduler\src\preload\preload.rs:42

  2024-06-15T19:06:13.137193Z ERROR yazi_plugin::utils::log: "Spawn `file` command returns nil"
    at yazi-plugin\src\utils\log.rs:20

  2024-06-15T19:06:13.137296Z ERROR yazi_scheduler::preload::preload: Preload task `mime` returned 0
    at yazi-scheduler\src\preload\preload.rs:42

  2024-06-15T19:07:11.806056Z  WARN yazi_adaptor::adaptor: [Adaptor] Could not identify XDG_SESSION_TYPE
    at yazi-adaptor\src\adaptor.rs:107

  2024-06-15T19:07:11.806118Z  WARN yazi_adaptor::adaptor: [Adaptor] Falling back to chafa
    at yazi-adaptor\src\adaptor.rs:119

  2024-06-15T19:07:11.807729Z  WARN yazi_adaptor::ueberzug: ueberzugpp spawning failed: program not found
    at yazi-adaptor\src\ueberzug.rs:84

  2024-06-15T19:07:11.815083Z ERROR yazi_plugin::utils::log: "Spawn `file` command returns nil"
    at yazi-plugin\src\utils\log.rs:20

  2024-06-15T19:07:11.815246Z ERROR yazi_scheduler::preload::preload: Preload task `mime` returned 0
    at yazi-scheduler\src\preload\preload.rs:42

  2024-06-15T19:07:11.816071Z ERROR yazi_plugin::utils::log: "Spawn `file` command returns nil"
    at yazi-plugin\src\utils\log.rs:20

  2024-06-15T19:07:11.816171Z ERROR yazi_scheduler::preload::preload: Preload task `mime` returned 0
    at yazi-scheduler\src\preload\preload.rs:42

  2024-06-15T19:07:13.350011Z ERROR yazi_plugin::utils::log: "Spawn `file` command returns nil"
    at yazi-plugin\src\utils\log.rs:20

  2024-06-15T19:07:14.094471Z ERROR yazi_plugin::utils::log: "Spawn `file` command returns nil"
    at yazi-plugin\src\utils\log.rs:20

  2024-06-15T19:07:14.285048Z ERROR yazi_plugin::utils::log: "Spawn `file` command returns nil"
    at yazi-plugin\src\utils\log.rs:20

  2024-06-15T19:07:14.821261Z ERROR yazi_plugin::utils::log: "Spawn `file` command returns nil"
    at yazi-plugin\src\utils\log.rs:20

  2024-06-15T19:07:14.997188Z ERROR yazi_plugin::utils::log: "Spawn `file` command returns nil"
    at yazi-plugin\src\utils\log.rs:20

  2024-06-15T19:07:15.157493Z ERROR yazi_plugin::utils::log: "Spawn `file` command returns nil"
    at yazi-plugin\src\utils\log.rs:20

  2024-06-15T19:07:15.317613Z ERROR yazi_plugin::utils::log: "Spawn `file` command returns nil"
    at yazi-plugin\src\utils\log.rs:20

  2024-06-15T19:07:15.469843Z ERROR yazi_plugin::utils::log: "Spawn `file` command returns nil"
    at yazi-plugin\src\utils\log.rs:20

  2024-06-15T19:07:15.637390Z ERROR yazi_plugin::utils::log: "Spawn `file` command returns nil"
    at yazi-plugin\src\utils\log.rs:20

  2024-06-15T19:07:19.389869Z ERROR yazi_plugin::utils::log: "Spawn `file` command returns nil"
    at yazi-plugin\src\utils\log.rs:20

  2024-06-15T19:07:19.389954Z ERROR yazi_scheduler::preload::preload: Preload task `mime` returned 0
    at yazi-scheduler\src\preload\preload.rs:42

  2024-06-15T19:10:39.737452Z  WARN yazi_adaptor::adaptor: [Adaptor] Could not identify XDG_SESSION_TYPE
    at yazi-adaptor\src\adaptor.rs:107

  2024-06-15T19:10:39.737516Z  WARN yazi_adaptor::adaptor: [Adaptor] Falling back to chafa
    at yazi-adaptor\src\adaptor.rs:119

  2024-06-15T19:10:39.739215Z  WARN yazi_adaptor::ueberzug: ueberzugpp spawning failed: program not found
    at yazi-adaptor\src\ueberzug.rs:84

  2024-06-15T19:10:39.746236Z ERROR yazi_plugin::utils::log: "Spawn `file` command returns nil"
    at yazi-plugin\src\utils\log.rs:20

  2024-06-15T19:10:39.746326Z ERROR yazi_scheduler::preload::preload: Preload task `mime` returned 0
    at yazi-scheduler\src\preload\preload.rs:42

  2024-06-15T19:10:39.746895Z ERROR yazi_plugin::utils::log: "Spawn `file` command returns nil"
    at yazi-plugin\src\utils\log.rs:20

  2024-06-15T19:10:39.746986Z ERROR yazi_scheduler::preload::preload: Preload task `mime` returned 0
    at yazi-scheduler\src\preload\preload.rs:42

  2024-06-15T19:10:40.492584Z ERROR yazi_plugin::utils::log: "Spawn `file` command returns nil"
    at yazi-plugin\src\utils\log.rs:20

  2024-06-15T19:10:40.740273Z ERROR yazi_plugin::utils::log: "Spawn `file` command returns nil"
    at yazi-plugin\src\utils\log.rs:20

  2024-06-15T19:10:50.620139Z  WARN yazi_adaptor::emulator: [Adaptor] No special environment variables detected
    at yazi-adaptor\src\emulator.rs:66

  2024-06-15T19:10:50.620152Z  WARN yazi_adaptor::emulator: [Adaptor] Unknown TERM_PROGRAM: 
    at yazi-adaptor\src\emulator.rs:80

  2024-06-15T19:10:50.620154Z  WARN yazi_adaptor::emulator: [Adaptor] Unknown TERM: 
    at yazi-adaptor\src\emulator.rs:87

  2024-06-15T19:10:50.620636Z  WARN yazi_adaptor::adaptor: [Adaptor] Could not identify XDG_SESSION_TYPE
    at yazi-adaptor\src\adaptor.rs:107

  2024-06-15T19:10:50.620688Z  WARN yazi_adaptor::adaptor: [Adaptor] Falling back to chafa
    at yazi-adaptor\src\adaptor.rs:119

  2024-06-15T19:10:50.622154Z  WARN yazi_adaptor::ueberzug: ueberzugpp spawning failed: program not found
    at yazi-adaptor\src\ueberzug.rs:84

  2024-06-15T19:10:59.750255Z ERROR yazi_plugin::utils::log: "Spawn `file` command returns nil"
    at yazi-plugin\src\utils\log.rs:20

  2024-06-15T19:10:59.750365Z ERROR yazi_scheduler::preload::preload: Preload task `mime` returned 0
    at yazi-scheduler\src\preload\preload.rs:42

  2024-06-15T19:13:06.916092Z ERROR yazi_plugin::utils::log: "Spawn `file` command returns nil"
    at yazi-plugin\src\utils\log.rs:20

  2024-06-15T19:13:06.916185Z ERROR yazi_scheduler::preload::preload: Preload task `mime` returned 0
    at yazi-scheduler\src\preload\preload.rs:42

  2024-06-15T19:13:50.748069Z  WARN yazi_adaptor::adaptor: [Adaptor] Could not identify XDG_SESSION_TYPE
    at yazi-adaptor\src\adaptor.rs:107

  2024-06-15T19:13:50.748127Z  WARN yazi_adaptor::adaptor: [Adaptor] Falling back to chafa
    at yazi-adaptor\src\adaptor.rs:119

  2024-06-15T19:13:50.750747Z  WARN yazi_adaptor::ueberzug: ueberzugpp spawning failed: program not found
    at yazi-adaptor\src\ueberzug.rs:84

  2024-06-15T19:13:50.760175Z ERROR yazi_plugin::utils::log: "Spawn `file` command returns nil"
    at yazi-plugin\src\utils\log.rs:20

  2024-06-15T19:13:50.760319Z ERROR yazi_scheduler::preload::preload: Preload task `mime` returned 0
    at yazi-scheduler\src\preload\preload.rs:42

  2024-06-15T19:13:53.019580Z ERROR yazi_plugin::utils::log: "Spawn `file` command returns nil"
    at yazi-plugin\src\utils\log.rs:20

  2024-06-15T19:13:53.019685Z ERROR yazi_scheduler::preload::preload: Preload task `mime` returned 0
    at yazi-scheduler\src\preload\preload.rs:42

  2024-06-15T19:13:57.488228Z  WARN yazi_adaptor::adaptor: [Adaptor] Could not identify XDG_SESSION_TYPE
    at yazi-adaptor\src\adaptor.rs:107

  2024-06-15T19:13:57.488283Z  WARN yazi_adaptor::adaptor: [Adaptor] Falling back to chafa
    at yazi-adaptor\src\adaptor.rs:119

  2024-06-15T19:13:57.490577Z  WARN yazi_adaptor::ueberzug: ueberzugpp spawning failed: program not found
    at yazi-adaptor\src\ueberzug.rs:84

  2024-06-15T19:13:57.498100Z ERROR yazi_plugin::utils::log: "Spawn `file` command returns nil"
    at yazi-plugin\src\utils\log.rs:20

  2024-06-15T19:13:57.498243Z ERROR yazi_scheduler::preload::preload: Preload task `mime` returned 0
    at yazi-scheduler\src\preload\preload.rs:42

  2024-06-15T19:13:57.499042Z ERROR yazi_plugin::utils::log: "Spawn `file` command returns nil"
    at yazi-plugin\src\utils\log.rs:20

  2024-06-15T19:13:57.499133Z ERROR yazi_scheduler::preload::preload: Preload task `mime` returned 0
    at yazi-scheduler\src\preload\preload.rs:42

  2024-06-15T19:14:04.212897Z  WARN yazi_adaptor::adaptor: [Adaptor] Could not identify XDG_SESSION_TYPE
    at yazi-adaptor\src\adaptor.rs:107

  2024-06-15T19:14:04.212947Z  WARN yazi_adaptor::adaptor: [Adaptor] Falling back to chafa
    at yazi-adaptor\src\adaptor.rs:119

  2024-06-15T19:14:04.214775Z  WARN yazi_adaptor::ueberzug: ueberzugpp spawning failed: program not found
    at yazi-adaptor\src\ueberzug.rs:84

  2024-06-15T19:14:04.222355Z ERROR yazi_plugin::utils::log: "Spawn `file` command returns nil"
    at yazi-plugin\src\utils\log.rs:20

  2024-06-15T19:14:04.222528Z ERROR yazi_scheduler::preload::preload: Preload task `mime` returned 0
    at yazi-scheduler\src\preload\preload.rs:42

  2024-06-15T19:14:04.224313Z ERROR yazi_plugin::utils::log: "Spawn `file` command returns nil"
    at yazi-plugin\src\utils\log.rs:20

  2024-06-15T19:14:04.224452Z ERROR yazi_scheduler::preload::preload: Preload task `mime` returned 0
    at yazi-scheduler\src\preload\preload.rs:42

  2024-06-15T19:14:04.821468Z ERROR yazi_plugin::utils::log: "Spawn `file` command returns nil"
    at yazi-plugin\src\utils\log.rs:20

  2024-06-15T19:14:04.821616Z ERROR yazi_scheduler::preload::preload: Preload task `mime` returned 0
    at yazi-scheduler\src\preload\preload.rs:42

  2024-06-15T19:14:06.099901Z ERROR yazi_plugin::utils::log: "Spawn `file` command returns nil"
    at yazi-plugin\src\utils\log.rs:20

  2024-06-15T19:14:06.099999Z ERROR yazi_scheduler::preload::preload: Preload task `mime` returned 0
    at yazi-scheduler\src\preload\preload.rs:42

  2024-06-15T19:14:08.452828Z ERROR yazi_plugin::utils::log: "Spawn `file` command returns nil"
    at yazi-plugin\src\utils\log.rs:20

  2024-06-15T19:14:08.452919Z ERROR yazi_scheduler::preload::preload: Preload task `mime` returned 0
    at yazi-scheduler\src\preload\preload.rs:42

  2024-06-15T19:16:59.663060Z  WARN yazi_adaptor::emulator: [Adaptor] No special environment variables detected
    at yazi-adaptor\src\emulator.rs:66

  2024-06-15T19:16:59.663073Z  WARN yazi_adaptor::emulator: [Adaptor] Unknown TERM_PROGRAM: 
    at yazi-adaptor\src\emulator.rs:80

  2024-06-15T19:16:59.663075Z  WARN yazi_adaptor::emulator: [Adaptor] Unknown TERM: 
    at yazi-adaptor\src\emulator.rs:87

  2024-06-15T19:16:59.663646Z  WARN yazi_adaptor::adaptor: [Adaptor] Could not identify XDG_SESSION_TYPE
    at yazi-adaptor\src\adaptor.rs:107

  2024-06-15T19:16:59.663709Z  WARN yazi_adaptor::adaptor: [Adaptor] Falling back to chafa
    at yazi-adaptor\src\adaptor.rs:119

  2024-06-15T19:16:59.666203Z  WARN yazi_adaptor::ueberzug: ueberzugpp spawning failed: program not found
    at yazi-adaptor\src\ueberzug.rs:84

  2024-06-15T19:17:02.347572Z ERROR yazi_plugin::utils::log: "Spawn `file` command returns nil"
    at yazi-plugin\src\utils\log.rs:20

  2024-06-15T19:17:02.347659Z ERROR yazi_scheduler::preload::preload: Preload task `mime` returned 0
    at yazi-scheduler\src\preload\preload.rs:42

  2024-06-15T19:17:08.754981Z ERROR yazi_plugin::utils::log: "Spawn `file` command returns nil"
    at yazi-plugin\src\utils\log.rs:20

  2024-06-15T19:17:08.755082Z ERROR yazi_scheduler::preload::preload: Preload task `mime` returned 0
    at yazi-scheduler\src\preload\preload.rs:42

  2024-06-15T19:17:57.707189Z ERROR yazi_plugin::utils::log: "Spawn `file` command returns nil"
    at yazi-plugin\src\utils\log.rs:20

  2024-06-15T19:17:57.707303Z ERROR yazi_scheduler::preload::preload: Preload task `mime` returned 0
    at yazi-scheduler\src\preload\preload.rs:42

  2024-06-15T19:18:05.690429Z ERROR yazi_plugin::utils::log: "Spawn `file` command returns nil"
    at yazi-plugin\src\utils\log.rs:20

  2024-06-15T19:18:05.690522Z ERROR yazi_scheduler::preload::preload: Preload task `mime` returned 0
    at yazi-scheduler\src\preload\preload.rs:42

  2024-06-15T19:18:09.306367Z ERROR yazi_plugin::utils::log: "Spawn `file` command returns nil"
    at yazi-plugin\src\utils\log.rs:20

  2024-06-15T19:18:09.306486Z ERROR yazi_scheduler::preload::preload: Preload task `mime` returned 0
    at yazi-scheduler\src\preload\preload.rs:42

  2024-06-15T19:18:11.858771Z ERROR yazi_plugin::utils::log: "Spawn `file` command returns nil"
    at yazi-plugin\src\utils\log.rs:20

  2024-06-15T19:18:12.579030Z ERROR yazi_plugin::utils::log: "Spawn `file` command returns nil"
    at yazi-plugin\src\utils\log.rs:20

  2024-06-15T19:18:59.806782Z  WARN yazi_adaptor::emulator: [Adaptor] No special environment variables detected
    at yazi-adaptor\src\emulator.rs:66

  2024-06-15T19:22:09.400481Z ERROR yazi_plugin::utils::log: "Spawn `file` command returns nil"
    at yazi-plugin\src\utils\log.rs:20

  2024-06-15T19:22:09.400575Z ERROR yazi_scheduler::preload::preload: Preload task `mime` returned 0
    at yazi-scheduler\src\preload\preload.rs:42

  2024-06-15T19:22:21.360290Z ERROR yazi_plugin::utils::log: "Spawn `file` command returns nil"
    at yazi-plugin\src\utils\log.rs:20

  2024-06-15T19:22:22.583989Z ERROR yazi_plugin::utils::log: "Spawn `file` command returns nil"
    at yazi-plugin\src\utils\log.rs:20

  2024-06-15T19:22:23.479958Z ERROR yazi_plugin::utils::log: "Spawn `file` command returns nil"
    at yazi-plugin\src\utils\log.rs:20

  2024-06-15T19:22:23.679963Z ERROR yazi_plugin::utils::log: "Spawn `file` command returns nil"
    at yazi-plugin\src\utils\log.rs:20

  2024-06-15T19:22:23.840068Z ERROR yazi_plugin::utils::log: "Spawn `file` command returns nil"
    at yazi-plugin\src\utils\log.rs:20

  2024-06-15T19:22:24.008823Z ERROR yazi_plugin::utils::log: "Spawn `file` command returns nil"
    at yazi-plugin\src\utils\log.rs:20

  2024-06-15T19:22:24.144429Z ERROR yazi_plugin::utils::log: "Spawn `file` command returns nil"
    at yazi-plugin\src\utils\log.rs:20

  2024-06-15T19:24:23.542374Z  WARN yazi_adaptor::emulator: [Adaptor] No special environment variables detected
    at yazi-adaptor\src\emulator.rs:66

  2024-06-15T19:24:23.542405Z  WARN yazi_adaptor::emulator: [Adaptor] Unknown TERM_PROGRAM: 
    at yazi-adaptor\src\emulator.rs:80

  2024-06-15T19:24:23.542407Z  WARN yazi_adaptor::emulator: [Adaptor] Unknown TERM: 
    at yazi-adaptor\src\emulator.rs:87

  2024-06-15T19:24:23.542910Z  WARN yazi_adaptor::adaptor: [Adaptor] Could not identify XDG_SESSION_TYPE
    at yazi-adaptor\src\adaptor.rs:107

  2024-06-15T19:24:23.542961Z  WARN yazi_adaptor::adaptor: [Adaptor] Falling back to chafa
    at yazi-adaptor\src\adaptor.rs:119

  2024-06-15T19:24:23.544591Z  WARN yazi_adaptor::ueberzug: ueberzugpp spawning failed: program not found
    at yazi-adaptor\src\ueberzug.rs:84

  2024-06-15T19:24:28.551379Z  WARN yazi_adaptor::adaptor: [Adaptor] Could not identify XDG_SESSION_TYPE
    at yazi-adaptor\src\adaptor.rs:107

  2024-06-15T19:24:28.551425Z  WARN yazi_adaptor::adaptor: [Adaptor] Falling back to chafa
    at yazi-adaptor\src\adaptor.rs:119

  2024-06-15T19:24:28.553048Z  WARN yazi_adaptor::ueberzug: ueberzugpp spawning failed: program not found
    at yazi-adaptor\src\ueberzug.rs:84

  2024-06-15T19:24:28.560598Z ERROR yazi_plugin::utils::log: "Spawn `file` command returns nil"
    at yazi-plugin\src\utils\log.rs:20

  2024-06-15T19:24:28.560757Z ERROR yazi_scheduler::preload::preload: Preload task `mime` returned 0
    at yazi-scheduler\src\preload\preload.rs:42

  2024-06-15T19:24:28.562699Z ERROR yazi_plugin::utils::log: "Spawn `file` command returns nil"
    at yazi-plugin\src\utils\log.rs:20

  2024-06-15T19:24:28.562800Z ERROR yazi_scheduler::preload::preload: Preload task `mime` returned 0
    at yazi-scheduler\src\preload\preload.rs:42

  2024-06-15T19:24:31.543570Z ERROR yazi_plugin::utils::log: "Spawn `file` command returns nil"
    at yazi-plugin\src\utils\log.rs:20

  2024-06-15T19:24:31.543673Z ERROR yazi_scheduler::preload::preload: Preload task `mime` returned 0
    at yazi-scheduler\src\preload\preload.rs:42

  2024-06-15T19:24:33.136969Z ERROR yazi_plugin::utils::log: "Spawn `file` command returns nil"
    at yazi-plugin\src\utils\log.rs:20

  2024-06-15T19:24:33.137089Z ERROR yazi_scheduler::preload::preload: Preload task `mime` returned 0
    at yazi-scheduler\src\preload\preload.rs:42

  2024-06-15T19:24:34.288026Z ERROR yazi_plugin::utils::log: "Spawn `file` command returns nil"
    at yazi-plugin\src\utils\log.rs:20

  2024-06-15T19:24:34.288170Z ERROR yazi_scheduler::preload::preload: Preload task `mime` returned 0
    at yazi-scheduler\src\preload\preload.rs:42

  2024-06-15T19:24:35.567848Z ERROR yazi_plugin::utils::log: "Spawn `file` command returns nil"
    at yazi-plugin\src\utils\log.rs:20

  2024-06-15T19:24:35.567934Z ERROR yazi_scheduler::preload::preload: Preload task `mime` returned 0
    at yazi-scheduler\src\preload\preload.rs:42

  2024-06-15T19:26:01.480027Z  WARN yazi_adaptor::adaptor: [Adaptor] Could not identify XDG_SESSION_TYPE
    at yazi-adaptor\src\adaptor.rs:107

  2024-06-15T19:26:01.480080Z  WARN yazi_adaptor::adaptor: [Adaptor] Falling back to chafa
    at yazi-adaptor\src\adaptor.rs:119

  2024-06-15T19:26:01.481883Z  WARN yazi_adaptor::ueberzug: ueberzugpp spawning failed: program not found
    at yazi-adaptor\src\ueberzug.rs:84

  2024-06-15T19:26:01.489883Z ERROR yazi_plugin::utils::log: "Spawn `file` command returns nil"
    at yazi-plugin\src\utils\log.rs:20

  2024-06-15T19:26:01.490130Z ERROR yazi_scheduler::preload::preload: Preload task `mime` returned 0
    at yazi-scheduler\src\preload\preload.rs:42

  2024-06-15T19:26:01.491712Z ERROR yazi_plugin::utils::log: "Spawn `file` command returns nil"
    at yazi-plugin\src\utils\log.rs:20

  2024-06-15T19:26:01.491833Z ERROR yazi_scheduler::preload::preload: Preload task `mime` returned 0
    at yazi-scheduler\src\preload\preload.rs:42

  2024-06-15T19:26:03.383091Z ERROR yazi_plugin::utils::log: "Spawn `file` command returns nil"
    at yazi-plugin\src\utils\log.rs:20

  2024-06-15T19:26:03.383190Z ERROR yazi_scheduler::preload::preload: Preload task `mime` returned 0
    at yazi-scheduler\src\preload\preload.rs:42

  2024-06-15T19:26:09.072462Z  WARN yazi_adaptor::emulator: [Adaptor] No special environment variables detected
    at yazi-adaptor\src\emulator.rs:66

  2024-06-15T19:26:09.072474Z  WARN yazi_adaptor::emulator: [Adaptor] Unknown TERM_PROGRAM: 
    at yazi-adaptor\src\emulator.rs:80

  2024-06-15T19:26:09.072475Z  WARN yazi_adaptor::emulator: [Adaptor] Unknown TERM: 
    at yazi-adaptor\src\emulator.rs:87

  2024-06-15T19:26:09.072810Z  WARN yazi_adaptor::adaptor: [Adaptor] Could not identify XDG_SESSION_TYPE
    at yazi-adaptor\src\adaptor.rs:107

  2024-06-15T19:26:09.072844Z  WARN yazi_adaptor::adaptor: [Adaptor] Falling back to chafa
    at yazi-adaptor\src\adaptor.rs:119

  2024-06-15T19:26:09.074247Z  WARN yazi_adaptor::ueberzug: ueberzugpp spawning failed: program not found
    at yazi-adaptor\src\ueberzug.rs:84

  2024-06-15T19:26:10.384516Z ERROR yazi_plugin::utils::log: "Spawn `file` command returns nil"
    at yazi-plugin\src\utils\log.rs:20

  2024-06-15T19:26:10.384621Z ERROR yazi_scheduler::preload::preload: Preload task `mime` returned 0
    at yazi-scheduler\src\preload\preload.rs:42

  2024-06-15T19:26:22.312065Z  WARN yazi_adaptor::emulator: [Adaptor] No special environment variables detected
    at yazi-adaptor\src\emulator.rs:66

  2024-06-15T19:26:22.312081Z  WARN yazi_adaptor::emulator: [Adaptor] Unknown TERM_PROGRAM: 
    at yazi-adaptor\src\emulator.rs:80

  2024-06-15T19:26:22.312083Z  WARN yazi_adaptor::emulator: [Adaptor] Unknown TERM: 
    at yazi-adaptor\src\emulator.rs:87

  2024-06-15T19:26:22.312703Z  WARN yazi_adaptor::adaptor: [Adaptor] Could not identify XDG_SESSION_TYPE
    at yazi-adaptor\src\adaptor.rs:107

  2024-06-15T19:26:22.312761Z  WARN yazi_adaptor::adaptor: [Adaptor] Falling back to chafa
    at yazi-adaptor\src\adaptor.rs:119

  2024-06-15T19:26:22.314604Z  WARN yazi_adaptor::ueberzug: ueberzugpp spawning failed: program not found
    at yazi-adaptor\src\ueberzug.rs:84

  2024-06-15T19:26:23.343981Z ERROR yazi_plugin::utils::log: "Spawn `C:\\Program Files\\Git\\usr\\bin` command returns 5"
    at yazi-plugin\src\utils\log.rs:20

  2024-06-15T19:26:23.344079Z ERROR yazi_scheduler::preload::preload: Preload task `mime` returned 0
    at yazi-scheduler\src\preload\preload.rs:42

  2024-06-15T19:27:54.068736Z  WARN yazi_adaptor::adaptor: [Adaptor] Could not identify XDG_SESSION_TYPE
    at yazi-adaptor\src\adaptor.rs:107

  2024-06-15T19:27:54.068849Z  WARN yazi_adaptor::adaptor: [Adaptor] Falling back to chafa
    at yazi-adaptor\src\adaptor.rs:119

  2024-06-15T19:27:54.071101Z  WARN yazi_adaptor::ueberzug: ueberzugpp spawning failed: program not found
    at yazi-adaptor\src\ueberzug.rs:84

  2024-06-15T19:27:54.081217Z ERROR yazi_plugin::utils::log: "Spawn `file` command returns nil"
    at yazi-plugin\src\utils\log.rs:20

  2024-06-15T19:27:54.081373Z ERROR yazi_scheduler::preload::preload: Preload task `mime` returned 0
    at yazi-scheduler\src\preload\preload.rs:42

  2024-06-15T19:27:54.081895Z ERROR yazi_plugin::utils::log: "Spawn `file` command returns nil"
    at yazi-plugin\src\utils\log.rs:20

  2024-06-15T19:27:54.082006Z ERROR yazi_scheduler::preload::preload: Preload task `mime` returned 0
    at yazi-scheduler\src\preload\preload.rs:42

  2024-06-15T19:32:30.288924Z ERROR yazi_plugin::utils::log: "Spawn `C:\\Program Files\\Git\\usr\\bin` command returns 5"
    at yazi-plugin\src\utils\log.rs:20

  2024-06-15T19:32:30.289038Z ERROR yazi_scheduler::preload::preload: Preload task `mime` returned 0
    at yazi-scheduler\src\preload\preload.rs:42

  2024-06-15T19:32:34.620893Z ERROR yazi_plugin::utils::log: "Spawn `C:\\Program Files\\Git\\usr\\bin` command returns 5"
    at yazi-plugin\src\utils\log.rs:20

  2024-06-15T19:32:34.620993Z ERROR yazi_scheduler::preload::preload: Preload task `mime` returned 0
    at yazi-scheduler\src\preload\preload.rs:42

  2024-06-15T19:35:35.272002Z  WARN yazi_adaptor::adaptor: [Adaptor] Could not identify XDG_SESSION_TYPE
    at yazi-adaptor\src\adaptor.rs:107

  2024-06-15T19:35:35.272062Z  WARN yazi_adaptor::adaptor: [Adaptor] Falling back to chafa
    at yazi-adaptor\src\adaptor.rs:119

  2024-06-15T19:35:35.273682Z  WARN yazi_adaptor::ueberzug: ueberzugpp spawning failed: program not found
    at yazi-adaptor\src\ueberzug.rs:84

  2024-06-15T19:35:35.283101Z ERROR yazi_plugin::utils::log: "Spawn `file` command returns nil"
    at yazi-plugin\src\utils\log.rs:20

  2024-06-15T19:35:35.283206Z ERROR yazi_scheduler::preload::preload: Preload task `mime` returned 0
    at yazi-scheduler\src\preload\preload.rs:42

  2024-06-15T19:35:44.871379Z  WARN yazi_adaptor::adaptor: [Adaptor] Could not identify XDG_SESSION_TYPE
    at yazi-adaptor\src\adaptor.rs:107

  2024-06-15T19:35:44.871469Z  WARN yazi_adaptor::adaptor: [Adaptor] Falling back to chafa
    at yazi-adaptor\src\adaptor.rs:119

  2024-06-15T19:35:44.874204Z  WARN yazi_adaptor::ueberzug: ueberzugpp spawning failed: program not found
    at yazi-adaptor\src\ueberzug.rs:84

  2024-06-15T19:35:44.882618Z ERROR yazi_plugin::utils::log: "Spawn `file` command returns nil"
    at yazi-plugin\src\utils\log.rs:20

  2024-06-15T19:35:44.882722Z ERROR yazi_scheduler::preload::preload: Preload task `mime` returned 0
    at yazi-scheduler\src\preload\preload.rs:42

  2024-06-15T19:35:44.883372Z ERROR yazi_plugin::utils::log: "Spawn `file` command returns nil"
    at yazi-plugin\src\utils\log.rs:20

  2024-06-15T19:35:44.883479Z ERROR yazi_scheduler::preload::preload: Preload task `mime` returned 0
    at yazi-scheduler\src\preload\preload.rs:42

  2024-06-15T19:52:04.308355Z  WARN yazi_adaptor::adaptor: [Adaptor] Could not identify XDG_SESSION_TYPE
    at yazi-adaptor\src\adaptor.rs:107

  2024-06-15T19:52:04.308485Z  WARN yazi_adaptor::adaptor: [Adaptor] Falling back to chafa
    at yazi-adaptor\src\adaptor.rs:119

  2024-06-15T19:52:04.310460Z  WARN yazi_adaptor::ueberzug: ueberzugpp spawning failed: program not found
    at yazi-adaptor\src\ueberzug.rs:84

  2024-06-15T19:52:04.318028Z ERROR yazi_plugin::utils::log: "Spawn `file` command returns nil"
    at yazi-plugin\src\utils\log.rs:20

  2024-06-15T19:52:04.318129Z ERROR yazi_scheduler::preload::preload: Preload task `mime` returned 0
    at yazi-scheduler\src\preload\preload.rs:42

  2024-06-15T19:52:04.318880Z ERROR yazi_plugin::utils::log: "Spawn `file` command returns nil"
    at yazi-plugin\src\utils\log.rs:20

  2024-06-15T19:52:04.318970Z ERROR yazi_scheduler::preload::preload: Preload task `mime` returned 0
    at yazi-scheduler\src\preload\preload.rs:42

  2024-06-15T19:52:16.112460Z ERROR yazi_plugin::utils::log: "Spawn `file` command returns nil"
    at yazi-plugin\src\utils\log.rs:20

  2024-06-15T19:52:16.112556Z ERROR yazi_scheduler::preload::preload: Preload task `mime` returned 0
    at yazi-scheduler\src\preload\preload.rs:42

  2024-06-15T19:52:16.163408Z ERROR yazi_plugin::utils::log: "Spawn `file` command returns nil"
    at yazi-plugin\src\utils\log.rs:20

  2024-06-15T19:58:46.097422Z  WARN yazi_adaptor::emulator: [Adaptor] No special environment variables detected
    at yazi-adaptor\src\emulator.rs:66

  2024-06-15T19:58:46.097456Z  WARN yazi_adaptor::emulator: [Adaptor] Unknown TERM_PROGRAM: 
    at yazi-adaptor\src\emulator.rs:80

  2024-06-15T19:58:46.097458Z  WARN yazi_adaptor::emulator: [Adaptor] Unknown TERM: 
    at yazi-adaptor\src\emulator.rs:87

  2024-06-15T19:58:46.098134Z  WARN yazi_adaptor::adaptor: [Adaptor] Could not identify XDG_SESSION_TYPE
    at yazi-adaptor\src\adaptor.rs:107

  2024-06-15T19:58:46.098183Z  WARN yazi_adaptor::adaptor: [Adaptor] Falling back to chafa
    at yazi-adaptor\src\adaptor.rs:119

  2024-06-15T19:58:46.101775Z  WARN yazi_adaptor::ueberzug: ueberzugpp spawning failed: program not found
    at yazi-adaptor\src\ueberzug.rs:84

  2024-06-15T19:59:37.305036Z ERROR yazi_plugin::utils::log: "Spawn `file` command returns nil"
    at yazi-plugin\src\utils\log.rs:20

  2024-06-15T19:59:37.305137Z ERROR yazi_scheduler::preload::preload: Preload task `mime` returned 0
    at yazi-scheduler\src\preload\preload.rs:42

  2024-06-15T20:00:20.078634Z  WARN yazi_adaptor::emulator: [Adaptor] No special environment variables detected
    at yazi-adaptor\src\emulator.rs:66

  2024-06-15T20:00:20.078646Z  WARN yazi_adaptor::emulator: [Adaptor] Unknown TERM_PROGRAM: 
    at yazi-adaptor\src\emulator.rs:80

  2024-06-15T20:00:20.078648Z  WARN yazi_adaptor::emulator: [Adaptor] Unknown TERM: 
    at yazi-adaptor\src\emulator.rs:87

  2024-06-15T20:00:20.079142Z  WARN yazi_adaptor::adaptor: [Adaptor] Could not identify XDG_SESSION_TYPE
    at yazi-adaptor\src\adaptor.rs:107

  2024-06-15T20:00:20.079190Z  WARN yazi_adaptor::adaptor: [Adaptor] Falling back to chafa
    at yazi-adaptor\src\adaptor.rs:119

  2024-06-15T20:00:20.081126Z  WARN yazi_adaptor::ueberzug: ueberzugpp spawning failed: program not found
    at yazi-adaptor\src\ueberzug.rs:84

  2024-06-15T20:00:21.320131Z ERROR yazi_plugin::utils::log: "Spawn `file` command returns nil"
    at yazi-plugin\src\utils\log.rs:20

  2024-06-15T20:00:21.320244Z ERROR yazi_scheduler::preload::preload: Preload task `mime` returned 0
    at yazi-scheduler\src\preload\preload.rs:42

  2024-06-15T20:00:26.818119Z ERROR yazi_plugin::utils::log: "Spawn `file` command returns nil"
    at yazi-plugin\src\utils\log.rs:20

  2024-06-15T20:00:26.818232Z ERROR yazi_scheduler::preload::preload: Preload task `mime` returned 0
    at yazi-scheduler\src\preload\preload.rs:42

  2024-06-15T20:00:30.517864Z ERROR yazi_plugin::utils::log: "Spawn `file` command returns nil"
    at yazi-plugin\src\utils\log.rs:20

  2024-06-15T20:00:30.517926Z ERROR yazi_plugin::utils::log: "Spawn `file` command returns nil"
    at yazi-plugin\src\utils\log.rs:20

  2024-06-15T20:00:30.517971Z ERROR yazi_scheduler::preload::preload: Preload task `mime` returned 0
    at yazi-scheduler\src\preload\preload.rs:42

  2024-06-15T20:00:58.737059Z ERROR yazi_plugin::utils::log: "Spawn `file` command returns nil"
    at yazi-plugin\src\utils\log.rs:20

  2024-06-15T20:00:58.737160Z ERROR yazi_scheduler::preload::preload: Preload task `mime` returned 0
    at yazi-scheduler\src\preload\preload.rs:42

  2024-06-15T20:00:58.737227Z ERROR yazi_plugin::utils::log: "Spawn `file` command returns nil"
    at yazi-plugin\src\utils\log.rs:20

  2024-06-15T20:00:58.737573Z ERROR yazi_plugin::utils::log: "Spawn `file` command returns nil"
    at yazi-plugin\src\utils\log.rs:20

  2024-06-15T20:00:58.737669Z ERROR yazi_scheduler::preload::preload: Preload task `mime` returned 0
    at yazi-scheduler\src\preload\preload.rs:42

  2024-06-15T20:01:32.324357Z  WARN yazi_adaptor::adaptor: [Adaptor] Could not identify XDG_SESSION_TYPE
    at yazi-adaptor\src\adaptor.rs:107

  2024-06-15T20:01:32.324413Z  WARN yazi_adaptor::adaptor: [Adaptor] Falling back to chafa
    at yazi-adaptor\src\adaptor.rs:119

  2024-06-15T20:01:32.326108Z  WARN yazi_adaptor::ueberzug: ueberzugpp spawning failed: program not found
    at yazi-adaptor\src\ueberzug.rs:84

  2024-06-15T20:01:32.333224Z ERROR yazi_plugin::utils::log: "Spawn `file` command returns nil"
    at yazi-plugin\src\utils\log.rs:20

  2024-06-15T20:01:32.333330Z ERROR yazi_scheduler::preload::preload: Preload task `mime` returned 0
    at yazi-scheduler\src\preload\preload.rs:42

  2024-06-15T20:01:37.498001Z  WARN yazi_adaptor::adaptor: [Adaptor] Could not identify XDG_SESSION_TYPE
    at yazi-adaptor\src\adaptor.rs:107

  2024-06-15T20:01:37.498048Z  WARN yazi_adaptor::adaptor: [Adaptor] Falling back to chafa
    at yazi-adaptor\src\adaptor.rs:119

  2024-06-15T20:01:37.499737Z  WARN yazi_adaptor::ueberzug: ueberzugpp spawning failed: program not found
    at yazi-adaptor\src\ueberzug.rs:84

  2024-06-15T20:01:37.507809Z ERROR yazi_plugin::utils::log: "Spawn `file` command returns nil"
    at yazi-plugin\src\utils\log.rs:20

  2024-06-15T20:01:37.507934Z ERROR yazi_scheduler::preload::preload: Preload task `mime` returned 0
    at yazi-scheduler\src\preload\preload.rs:42

  2024-06-15T20:01:37.508817Z ERROR yazi_plugin::utils::log: "Spawn `file` command returns nil"
    at yazi-plugin\src\utils\log.rs:20

  2024-06-15T20:01:37.508945Z ERROR yazi_scheduler::preload::preload: Preload task `mime` returned 0
    at yazi-scheduler\src\preload\preload.rs:42

  2024-06-15T20:01:38.395692Z ERROR yazi_plugin::utils::log: "Spawn `file` command returns nil"
    at yazi-plugin\src\utils\log.rs:20

  2024-06-15T20:01:38.395801Z ERROR yazi_scheduler::preload::preload: Preload task `mime` returned 0
    at yazi-scheduler\src\preload\preload.rs:42

  2024-06-15T20:02:17.088294Z ERROR yazi_plugin::utils::log: "Spawn `file` command returns nil"
    at yazi-plugin\src\utils\log.rs:20

  2024-06-15T20:02:17.089176Z ERROR yazi_plugin::utils::log: "Spawn `file` command returns nil"
    at yazi-plugin\src\utils\log.rs:20

  2024-06-16T07:00:15.999240Z  WARN yazi_adaptor::adaptor: [Adaptor] Could not identify XDG_SESSION_TYPE
    at yazi-adaptor\src\adaptor.rs:107

  2024-06-16T07:00:15.999331Z  WARN yazi_adaptor::adaptor: [Adaptor] Falling back to chafa
    at yazi-adaptor\src\adaptor.rs:119

  2024-06-16T07:00:16.001743Z  WARN yazi_adaptor::ueberzug: ueberzugpp spawning failed: program not found
    at yazi-adaptor\src\ueberzug.rs:84

  2024-06-16T07:00:16.011477Z ERROR yazi_plugin::utils::log: "Spawn `C:\\Program Files\\Git\\usr\\bin` command returns 5"
    at yazi-plugin\src\utils\log.rs:20

  2024-06-16T07:00:16.011687Z ERROR yazi_scheduler::preload::preload: Preload task `mime` returned 0
    at yazi-scheduler\src\preload\preload.rs:42

  2024-06-16T07:00:16.893074Z ERROR yazi_plugin::utils::log: "Spawn `C:\\Program Files\\Git\\usr\\bin` command returns 5"
    at yazi-plugin\src\utils\log.rs:20

  2024-06-16T07:00:16.893161Z ERROR yazi_scheduler::preload::preload: Preload task `mime` returned 0
    at yazi-scheduler\src\preload\preload.rs:42

  2024-06-16T07:00:18.989015Z ERROR yazi_plugin::utils::log: "Spawn `C:\\Program Files\\Git\\usr\\bin` command returns 5"
    at yazi-plugin\src\utils\log.rs:20

  2024-06-16T07:00:18.989106Z ERROR yazi_scheduler::preload::preload: Preload task `mime` returned 0
    at yazi-scheduler\src\preload\preload.rs:42

  2024-06-16T07:00:19.812649Z ERROR yazi_plugin::utils::log: "Spawn `C:\\Program Files\\Git\\usr\\bin` command returns 5"
    at yazi-plugin\src\utils\log.rs:20

  2024-06-16T07:00:19.812738Z ERROR yazi_scheduler::preload::preload: Preload task `mime` returned 0
    at yazi-scheduler\src\preload\preload.rs:42

  2024-06-16T07:00:21.004810Z ERROR yazi_plugin::utils::log: "Spawn `C:\\Program Files\\Git\\usr\\bin` command returns 5"
    at yazi-plugin\src\utils\log.rs:20

  2024-06-16T07:00:21.004899Z ERROR yazi_scheduler::preload::preload: Preload task `mime` returned 0
    at yazi-scheduler\src\preload\preload.rs:42

  2024-06-16T07:00:22.157103Z ERROR yazi_plugin::utils::log: "Spawn `C:\\Program Files\\Git\\usr\\bin` command returns 5"
    at yazi-plugin\src\utils\log.rs:20

  2024-06-16T07:00:22.157196Z ERROR yazi_scheduler::preload::preload: Preload task `mime` returned 0
    at yazi-scheduler\src\preload\preload.rs:42

  2024-06-16T07:00:24.375020Z ERROR yazi_plugin::utils::log: "Spawn `C:\\Program Files\\Git\\usr\\bin` command returns 5"
    at yazi-plugin\src\utils\log.rs:20

  2024-06-16T07:00:24.375111Z ERROR yazi_scheduler::preload::preload: Preload task `mime` returned 0
    at yazi-scheduler\src\preload\preload.rs:42

  2024-06-16T07:19:47.290082Z  WARN yazi_adaptor::adaptor: [Adaptor] Could not identify XDG_SESSION_TYPE
    at yazi-adaptor\src\adaptor.rs:107

  2024-06-16T07:19:47.290141Z  WARN yazi_adaptor::adaptor: [Adaptor] Falling back to chafa
    at yazi-adaptor\src\adaptor.rs:119

  2024-06-16T07:19:47.291699Z  WARN yazi_adaptor::ueberzug: ueberzugpp spawning failed: program not found
    at yazi-adaptor\src\ueberzug.rs:84

  2024-06-16T07:19:47.299349Z ERROR yazi_plugin::utils::log: "Spawn `C:\\Program Files\\Git\\usr\\bin` command returns 5"
    at yazi-plugin\src\utils\log.rs:20

  2024-06-16T07:19:47.299461Z ERROR yazi_scheduler::preload::preload: Preload task `mime` returned 0
    at yazi-scheduler\src\preload\preload.rs:42

  2024-06-16T07:19:47.299870Z ERROR yazi_plugin::utils::log: "Spawn `C:\\Program Files\\Git\\usr\\bin` command returns 5"
    at yazi-plugin\src\utils\log.rs:20

  2024-06-16T07:19:47.299962Z ERROR yazi_scheduler::preload::preload: Preload task `mime` returned 0
    at yazi-scheduler\src\preload\preload.rs:42

  2024-06-16T07:22:22.887246Z  WARN yazi_adaptor::adaptor: [Adaptor] Could not identify XDG_SESSION_TYPE
    at yazi-adaptor\src\adaptor.rs:107

  2024-06-16T07:22:22.887323Z  WARN yazi_adaptor::adaptor: [Adaptor] Falling back to chafa
    at yazi-adaptor\src\adaptor.rs:119

  2024-06-16T07:22:22.888981Z  WARN yazi_adaptor::ueberzug: ueberzugpp spawning failed: program not found
    at yazi-adaptor\src\ueberzug.rs:84

  2024-06-16T07:22:22.895738Z ERROR yazi_plugin::utils::log: "Spawn `C:\\Program Files\\Git\\usr\\bin` command returns 5"
    at yazi-plugin\src\utils\log.rs:20

  2024-06-16T07:22:22.895848Z ERROR yazi_scheduler::preload::preload: Preload task `mime` returned 0
    at yazi-scheduler\src\preload\preload.rs:42

  2024-06-16T07:22:22.896422Z ERROR yazi_plugin::utils::log: "Spawn `C:\\Program Files\\Git\\usr\\bin` command returns 5"
    at yazi-plugin\src\utils\log.rs:20

  2024-06-16T07:22:22.896514Z ERROR yazi_scheduler::preload::preload: Preload task `mime` returned 0
    at yazi-scheduler\src\preload\preload.rs:42

  2024-06-16T07:22:23.687407Z ERROR yazi_plugin::utils::log: "Spawn `C:\\Program Files\\Git\\usr\\bin` command returns 5"
    at yazi-plugin\src\utils\log.rs:20

  2024-06-16T07:22:23.687488Z ERROR yazi_scheduler::preload::preload: Preload task `mime` returned 0
    at yazi-scheduler\src\preload\preload.rs:42

  2024-06-16T08:01:07.467395Z  WARN yazi_adaptor::adaptor: [Adaptor] Could not identify XDG_SESSION_TYPE
    at yazi-adaptor\src\adaptor.rs:107

  2024-06-16T08:01:07.467454Z  WARN yazi_adaptor::adaptor: [Adaptor] Falling back to chafa
    at yazi-adaptor\src\adaptor.rs:119

  2024-06-16T08:01:07.469114Z  WARN yazi_adaptor::ueberzug: ueberzugpp spawning failed: program not found
    at yazi-adaptor\src\ueberzug.rs:84

  2024-06-16T08:01:07.475441Z ERROR yazi_plugin::utils::log: "Spawn `C:\\Program Files\\Git\\usr\\bin` command returns 5"
    at yazi-plugin\src\utils\log.rs:20

  2024-06-16T08:01:07.475529Z ERROR yazi_scheduler::preload::preload: Preload task `mime` returned 0
    at yazi-scheduler\src\preload\preload.rs:42

  2024-06-16T08:01:16.064379Z  WARN yazi_adaptor::adaptor: [Adaptor] Could not identify XDG_SESSION_TYPE
    at yazi-adaptor\src\adaptor.rs:107

  2024-06-16T08:01:16.064440Z  WARN yazi_adaptor::adaptor: [Adaptor] Falling back to chafa
    at yazi-adaptor\src\adaptor.rs:119

  2024-06-16T08:01:16.065945Z  WARN yazi_adaptor::ueberzug: ueberzugpp spawning failed: program not found
    at yazi-adaptor\src\ueberzug.rs:84

  2024-06-16T08:01:16.072311Z ERROR yazi_plugin::utils::log: "Spawn `C:\\Program Files\\Git\\usr\\bin` command returns 5"
    at yazi-plugin\src\utils\log.rs:20

  2024-06-16T08:01:16.072413Z ERROR yazi_scheduler::preload::preload: Preload task `mime` returned 0
    at yazi-scheduler\src\preload\preload.rs:42

  2024-06-16T08:01:16.073106Z ERROR yazi_plugin::utils::log: "Spawn `C:\\Program Files\\Git\\usr\\bin` command returns 5"
    at yazi-plugin\src\utils\log.rs:20

  2024-06-16T08:01:16.073193Z ERROR yazi_scheduler::preload::preload: Preload task `mime` returned 0
    at yazi-scheduler\src\preload\preload.rs:42

  2024-06-16T08:01:17.825275Z ERROR yazi_plugin::utils::log: "Spawn `C:\\Program Files\\Git\\usr\\bin` command returns 5"
    at yazi-plugin\src\utils\log.rs:20

  2024-06-16T08:01:17.825377Z ERROR yazi_scheduler::preload::preload: Preload task `mime` returned 0
    at yazi-scheduler\src\preload\preload.rs:42

  2024-06-16T08:01:18.753326Z ERROR yazi_plugin::utils::log: "Spawn `C:\\Program Files\\Git\\usr\\bin` command returns 5"
    at yazi-plugin\src\utils\log.rs:20

  2024-06-16T08:01:18.753439Z ERROR yazi_scheduler::preload::preload: Preload task `mime` returned 0
    at yazi-scheduler\src\preload\preload.rs:42

